app/build/outputs/logs/manifest-merger-debug-report.txt
-- Merging decision tree log ---
manifest
ADDED from src/main/AndroidManifest.xml:2:1-27:12
	package
		ADDED from src/main/AndroidManifest.xml:3:7-54
		INJECTED from src/main/AndroidManifest.xml
		INJECTED from src/main/AndroidManifest.xml
	android:versionName
		ADDED from src/main/AndroidManifest.xml:5:7-32
		INJECTED from src/main/AndroidManifest.xml
		INJECTED from src/main/AndroidManifest.xml
	android:versionCode
		ADDED from src/main/AndroidManifest.xml:4:7-30
		INJECTED from src/main/AndroidManifest.xml
		INJECTED from src/main/AndroidManifest.xml
	xmlns:android
		ADDED from src/main/AndroidManifest.xml:2:11-69
application
ADDED from src/main/AndroidManifest.xml:6:5-23:19
	android:label
		ADDED from src/main/AndroidManifest.xml:6:48-80
	android:icon
		ADDED from src/main/AndroidManifest.xml:6:18-47
activity#jp.co.brilliantservice.hacks.useAlarm.MainActivity
ADDED from src/main/AndroidManifest.xml:7:9-13:20
	android:label
		ADDED from src/main/AndroidManifest.xml:8:19-51
	android:name
		ADDED from src/main/AndroidManifest.xml:7:19-47
intent-filter#android.intent.action.MAIN+android.intent.category.LAUNCHER
ADDED from src/main/AndroidManifest.xml:9:13-12:29
action#android.intent.action.MAIN
ADDED from src/main/AndroidManifest.xml:10:17-69
	android:name
		ADDED from src/main/AndroidManifest.xml:10:25-66
category#android.intent.category.LAUNCHER
ADDED from src/main/AndroidManifest.xml:11:17-77
	android:name
		ADDED from src/main/AndroidManifest.xml:11:27-74
activity#jp.co.brilliantservice.hacks.useAlarm.SettingActivity
ADDED from src/main/AndroidManifest.xml:14:3-56
	android:name
		ADDED from src/main/AndroidManifest.xml:14:13-44
activity#jp.co.brilliantservice.hacks.useAlarm.WakeupActivity
ADDED from src/main/AndroidManifest.xml:15:6-58
	android:name
		ADDED from src/main/AndroidManifest.xml:15:16-46
activity#jp.co.brilliantservice.hacks.useAlarm.Calculation
ADDED from src/main/AndroidManifest.xml:16:9-58
	android:name
		ADDED from src/main/AndroidManifest.xml:16:19-46
receiver#jp.co.brilliantservice.hacks.useAlarm.SampleBroadcastReceiver
ADDED from src/main/AndroidManifest.xml:18:9-22:17
	android:name
		ADDED from src/main/AndroidManifest.xml:18:19-57
intent-filter#android.intent.action.VIEW
ADDED from src/main/AndroidManifest.xml:19:7-21:23
action#android.intent.action.VIEW
ADDED from src/main/AndroidManifest.xml:20:8-60
	android:name
		ADDED from src/main/AndroidManifest.xml:20:16-57
uses-sdk
ADDED from src/main/AndroidManifest.xml:24:5-43
	android:targetSdkVersion
		INJECTED from src/main/AndroidManifest.xml
		INJECTED from src/main/AndroidManifest.xml
	android:minSdkVersion
		ADDED from src/main/AndroidManifest.xml:24:15-40
		INJECTED from src/main/AndroidManifest.xml
		INJECTED from src/main/AndroidManifest.xml
uses-permission#android.permission.SET_TIME_ZONE
ADDED from src/main/AndroidManifest.xml:25:2-85
	android:name
		ADDED from src/main/AndroidManifest.xml:25:19-66